# JRE version: OpenJDK Runtime Environment (8.0_212-b04) (build 1.8.0_212-release-1586-b04)
# Java VM: OpenJDK 64-Bit Server VM (25.212-b04 mixed mode windows-amd64 compressed oops)
Heap:
 PSYoungGen      total 199168K, used 54269K [0x00000000e0000000, 0x00000000eee80000, 0x0000000100000000)
  eden space 179200K, 28% used [0x00000000e0000000,0x00000000e319b408,0x00000000eaf00000)
  from space 19968K, 17% used [0x00000000ec400000,0x00000000ec764010,0x00000000ed780000)
  to   space 21504K, 0% used [0x00000000eaf00000,0x00000000eaf00000,0x00000000ec400000)
 ParOldGen       total 189952K, used 53730K [0x00000000a0000000, 0x00000000ab980000, 0x00000000e0000000)
  object space 189952K, 28% used [0x00000000a0000000,0x00000000a3478b28,0x00000000ab980000)
 Metaspace       used 95762K, capacity 99340K, committed 100992K, reserved 1136640K
  class space    used 12290K, capacity 13013K, committed 13440K, reserved 1048576K
GC Heap History (10 events):
Event: 2617.440 GC heap before
{Heap before GC invocations=22 (full 3):
 PSYoungGen      total 173568K, used 170097K [0x00000000e0000000, 0x00000000ebe80000, 0x0000000100000000)
  eden space 160256K, 100% used [0x00000000e0000000,0x00000000e9c80000,0x00000000e9c80000)
  from space 13312K, 73% used [0x00000000eb180000,0x00000000ebb1c7b8,0x00000000ebe80000)
  to   space 17408K, 0% used [0x00000000e9c80000,0x00000000e9c80000,0x00000000ead80000)
 ParOldGen       total 128512K, used 42586K [0x00000000a0000000, 0x00000000a7d80000, 0x00000000e0000000)
  object space 128512K, 33% used [0x00000000a0000000,0x00000000a29969b0,0x00000000a7d80000)
 Metaspace       used 80092K, capacity 83300K, committed 83584K, reserved 1122304K
  class space    used 10407K, capacity 11118K, committed 11136K, reserved 1048576K
Event: 2617.465 GC heap after
Heap after GC invocations=22 (full 3):
 PSYoungGen      total 177664K, used 10448K [0x00000000e0000000, 0x00000000ed880000, 0x0000000100000000)
  eden space 160256K, 0% used [0x00000000e0000000,0x00000000e0000000,0x00000000e9c80000)
  from space 17408K, 60% used [0x00000000e9c80000,0x00000000ea6b4190,0x00000000ead80000)
  to   space 16896K, 0% used [0x00000000ec800000,0x00000000ec800000,0x00000000ed880000)
 ParOldGen       total 128512K, used 48161K [0x00000000a0000000, 0x00000000a7d80000, 0x00000000e0000000)
  object space 128512K, 37% used [0x00000000a0000000,0x00000000a2f086e8,0x00000000a7d80000)
 Metaspace       used 80092K, capacity 83300K, committed 83584K, reserved 1122304K
  class space    used 10407K, capacity 11118K, committed 11136K, reserved 1048576K
}
Event: 2655.986 GC heap before
{Heap before GC invocations=23 (full 3):
 PSYoungGen      total 177664K, used 170704K [0x00000000e0000000, 0x00000000ed880000, 0x0000000100000000)
  eden space 160256K, 100% used [0x00000000e0000000,0x00000000e9c80000,0x00000000e9c80000)
  from space 17408K, 60% used [0x00000000e9c80000,0x00000000ea6b4190,0x00000000ead80000)
  to   space 16896K, 0% used [0x00000000ec800000,0x00000000ec800000,0x00000000ed880000)
 ParOldGen       total 128512K, used 48161K [0x00000000a0000000, 0x00000000a7d80000, 0x00000000e0000000)
  object space 128512K, 37% used [0x00000000a0000000,0x00000000a2f086e8,0x00000000a7d80000)
 Metaspace       used 84656K, capacity 88084K, committed 88192K, reserved 1126400K
  class space    used 10870K, capacity 11576K, committed 11648K, reserved 1048576K
Event: 2656.005 GC heap after
Heap after GC invocations=23 (full 3):
 PSYoungGen      total 196608K, used 11741K [0x00000000e0000000, 0x00000000ed480000, 0x0000000100000000)
  eden space 183808K, 0% used [0x00000000e0000000,0x00000000e0000000,0x00000000eb380000)
  from space 12800K, 91% used [0x00000000ec800000,0x00000000ed3777c0,0x00000000ed480000)
  to   space 16896K, 0% used [0x00000000eb380000,0x00000000eb380000,0x00000000ec400000)
 ParOldGen       total 128512K, used 48169K [0x00000000a0000000, 0x00000000a7d80000, 0x00000000e0000000)
  object space 128512K, 37% used [0x00000000a0000000,0x00000000a2f0a6e8,0x00000000a7d80000)
 Metaspace       used 84656K, capacity 88084K, committed 88192K, reserved 1126400K
  class space    used 10870K, capacity 11576K, committed 11648K, reserved 1048576K
}
Event: 2680.453 GC heap before
{Heap before GC invocations=24 (full 3):
 PSYoungGen      total 196608K, used 153483K [0x00000000e0000000, 0x00000000ed480000, 0x0000000100000000)
  eden space 183808K, 77% used [0x00000000e0000000,0x00000000e8a6b7e0,0x00000000eb380000)
  from space 12800K, 91% used [0x00000000ec800000,0x00000000ed3777c0,0x00000000ed480000)
  to   space 16896K, 0% used [0x00000000eb380000,0x00000000eb380000,0x00000000ec400000)
 ParOldGen       total 128512K, used 48169K [0x00000000a0000000, 0x00000000a7d80000, 0x00000000e0000000)
  object space 128512K, 37% used [0x00000000a0000000,0x00000000a2f0a6e8,0x00000000a7d80000)
 Metaspace       used 94489K, capacity 98548K, committed 98600K, reserved 1134592K
  class space    used 12313K, capacity 13156K, committed 13184K, reserved 1048576K
Event: 2680.487 GC heap after
Heap after GC invocations=24 (full 3):
 PSYoungGen      total 194560K, used 16869K [0x00000000e0000000, 0x00000000ed780000, 0x0000000100000000)
  eden space 177664K, 0% used [0x00000000e0000000,0x00000000e0000000,0x00000000ead80000)
  from space 16896K, 99% used [0x00000000eb380000,0x00000000ec3f95f8,0x00000000ec400000)
  to   space 19968K, 0% used [0x00000000ec400000,0x00000000ec400000,0x00000000ed780000)
 ParOldGen       total 128512K, used 54815K [0x00000000a0000000, 0x00000000a7d80000, 0x00000000e0000000)
  object space 128512K, 42% used [0x00000000a0000000,0x00000000a3587f88,0x00000000a7d80000)
 Metaspace       used 94489K, capacity 98548K, committed 98600K, reserved 1134592K
  class space    used 12313K, capacity 13156K, committed 13184K, reserved 1048576K
}
Event: 2680.487 GC heap before
{Heap before GC invocations=25 (full 4):
 PSYoungGen      total 194560K, used 16869K [0x00000000e0000000, 0x00000000ed780000, 0x0000000100000000)
  eden space 177664K, 0% used [0x00000000e0000000,0x00000000e0000000,0x00000000ead80000)
  from space 16896K, 99% used [0x00000000eb380000,0x00000000ec3f95f8,0x00000000ec400000)
  to   space 19968K, 0% used [0x00000000ec400000,0x00000000ec400000,0x00000000ed780000)
 ParOldGen       total 128512K, used 54815K [0x00000000a0000000, 0x00000000a7d80000, 0x00000000e0000000)
  object space 128512K, 42% used [0x00000000a0000000,0x00000000a3587f88,0x00000000a7d80000)
 Metaspace       used 94489K, capacity 98548K, committed 98600K, reserved 1134592K
  class space    used 12313K, capacity 13156K, committed 13184K, reserved 1048576K
Event: 2680.891 GC heap after
Heap after GC invocations=25 (full 4):
 PSYoungGen      total 194560K, used 0K [0x00000000e0000000, 0x00000000ed780000, 0x0000000100000000)
  eden space 177664K, 0% used [0x00000000e0000000,0x00000000e0000000,0x00000000ead80000)
  from space 16896K, 0% used [0x00000000eb380000,0x00000000eb380000,0x00000000ec400000)
  to   space 19968K, 0% used [0x00000000ec400000,0x00000000ec400000,0x00000000ed780000)
 ParOldGen       total 189952K, used 53722K [0x00000000a0000000, 0x00000000ab980000, 0x00000000e0000000)
  object space 189952K, 28% used [0x00000000a0000000,0x00000000a3476b28,0x00000000ab980000)
 Metaspace       used 93408K, capacity 96626K, committed 98600K, reserved 1134592K
  class space    used 12102K, capacity 12776K, committed 13184K, reserved 1048576K
}
Event: 2685.543 GC heap before
{Heap before GC invocations=26 (full 4):
 PSYoungGen      total 194560K, used 177664K [0x00000000e0000000, 0x00000000ed780000, 0x0000000100000000)
  eden space 177664K, 100% used [0x00000000e0000000,0x00000000ead80000,0x00000000ead80000)
  from space 16896K, 0% used [0x00000000eb380000,0x00000000eb380000,0x00000000ec400000)
  to   space 19968K, 0% used [0x00000000ec400000,0x00000000ec400000,0x00000000ed780000)
 ParOldGen       total 189952K, used 53722K [0x00000000a0000000, 0x00000000ab980000, 0x00000000e0000000)
  object space 189952K, 28% used [0x00000000a0000000,0x00000000a3476b28,0x00000000ab980000)
 Metaspace       used 95630K, capacity 99192K, committed 100992K, reserved 1136640K
  class space    used 12290K, capacity 13013K, committed 13440K, reserved 1048576K
Event: 2685.558 GC heap after
Heap after GC invocations=26 (full 4):
 PSYoungGen      total 199168K, used 3472K [0x00000000e0000000, 0x00000000eee80000, 0x0000000100000000)
  eden space 179200K, 0% used [0x00000000e0000000,0x00000000e0000000,0x00000000eaf00000)
  from space 19968K, 17% used [0x00000000ec400000,0x00000000ec764010,0x00000000ed780000)
  to   space 21504K, 0% used [0x00000000eaf00000,0x00000000eaf00000,0x00000000ec400000)
 ParOldGen       total 189952K, used 53730K [0x00000000a0000000, 0x00000000ab980000, 0x00000000e0000000)
  object space 189952K, 28% used [0x00000000a0000000,0x00000000a3478b28,0x00000000ab980000)
 Metaspace       used 95630K, capacity 99192K, committed 100992K, reserved 1136640K
  class space    used 12290K, capacity 13013K, committed 13440K, reserved 1048576K
}

